[00:08:08] [Server thread/INFO]: Ainnoot issued server command: /killall all
[00:08:09] [Server thread/INFO]: Ainnoot issued server command: /tp XxHyunnyxX
[00:21:38] [Server thread/INFO]: Named entity EntitySkeletonWither['Skeletal Knight'/12774, uuid='44bacb1a-1488-4993-a779-1e586ea298c2', l='ServerLevel[world]', x=-229.50, y=-20.00, z=-1776.50, cpos=[-15, -112], tl=432, v=true] died: Skeletal Knight suffocated in a wall
[00:33:09] [User Authenticator #2/INFO]: UUID of player Flaming is e66a76f9-4852-37d3-b5aa-bf8334a0d155
[00:33:10] [Server thread/INFO]: Flaming joined the game
[00:33:10] [Server thread/INFO]: Flaming[/190.238.11.189:64759] logged in with entity id 15130 at ([world]-1613.828861427615, 67.27234796371594, -2522.894198326167)
[00:33:15] [Server thread/WARN]: Can't keep up! Is the server overloaded? Running 5608ms or 112 ticks behind
[00:33:17] [Server thread/INFO]: Flaming lost connection: Disconnected
[00:33:17] [Server thread/INFO]: Flaming left the game
[00:33:20] [User Authenticator #2/INFO]: UUID of player Flaming is e66a76f9-4852-37d3-b5aa-bf8334a0d155
[00:33:20] [Server thread/INFO]: Flaming joined the game
[00:33:20] [Server thread/INFO]: Flaming[/190.238.11.189:64776] logged in with entity id 15196 at ([world]-1613.828861427615, 67.27234796371594, -2522.894198326167)
[00:34:35] [Server thread/INFO]: Ainnoot issued server command: /tp Flaming XxHyunnyxX
[00:34:35] [Server thread/WARN]: Flaming moved too quickly! 1214.6864555200516,105.18441628660273,684.5241023903272
[00:44:22] [Server thread/INFO]: Ainnoot issued server command: /tp Flaming
[00:44:55] [Server thread/INFO]: Ainnoot issued server command: /fill -292 90 -1819
[00:45:08] [Server thread/INFO]: Ainnoot issued server command: /fill -292 90 -1819 -292 96 -1803 minecraft:glass
[00:45:08] [Server thread/INFO]: [Ainnoot: Successfully filled 119 block(s)]
[00:45:55] [Server thread/INFO]: Ainnoot issued server command: /fill -281 91 -1803
[00:46:01] [Server thread/INFO]: Ainnoot issued server command: /fill -281 91 -1803 -292 96 -1803 minecraft:glass
[00:46:01] [Server thread/INFO]: [Ainnoot: Successfully filled 66 block(s)]
[00:46:14] [Server thread/INFO]: Ainnoot issued server command: /fill -281 91 -1803 -281 96 -1803 minecraft:glass
[00:46:33] [Server thread/INFO]: Ainnoot issued server command: /fill -281 91 -1819 -281 96 -1803 minecraft:glass
[00:46:33] [Server thread/INFO]: [Ainnoot: Successfully filled 96 block(s)]
[00:46:41] [Server thread/INFO]: Ainnoot issued server command: /fill -281 96 -1819
[00:46:47] [Server thread/INFO]: Ainnoot issued server command: /fill -281 96 -1819 -292 91 -1819 minecraft:glass
[00:46:47] [Server thread/INFO]: [Ainnoot: Successfully filled 60 block(s)]
[00:46:56] [Server thread/INFO]: Ainnoot issued server command: /fill -291 96 -1819
[00:47:01] [Server thread/INFO]: Ainnoot issued server command: /fill -292 96 -1819
[00:47:06] [Server thread/INFO]: Ainnoot issued server command: /fill -292 96 -1819 -281 96 -1803 minecraft:glass
[00:47:06] [Server thread/INFO]: [Ainnoot: Successfully filled 150 block(s)]
[00:47:41] [Server thread/INFO]: Flaming has made the advancement [A Seedy Place]
[00:47:56] [Server thread/INFO]: Flaming has made the advancement [Best Friends Forever]
